<?xml version="1.0" encoding="UTF-8"?>
<!-- Generated by org.testng.reporters.JUnitReportReporter -->
<testsuite hostname="NODE1877" failures="0" tests="2" name="Examples.AutomationExamples" time="2.313" errors="0" timestamp="2023-05-19T08:26:10 IST" skipped="0">
  <testcase classname="Examples.AutomationExamples" name="test1" time="1.540"/>
  <system-out/>
  <testcase classname="Examples.AutomationExamples" name="test2" time="0.773"/>
  <system-out/>
</testsuite> <!-- Examples.AutomationExamples -->
