<?xml version="1.0" encoding="UTF-8"?>
<!-- Generated by org.testng.reporters.JUnitReportReporter -->
<testsuite hostname="NODE1877" failures="0" tests="3" name="Examples.PutPatchAndDelete" time="4.482" errors="0" timestamp="2023-05-19T19:32:27 IST" skipped="0">
  <testcase classname="Examples.PutPatchAndDelete" name="testPatch" time="0.895"/>
  <system-out/>
  <testcase classname="Examples.PutPatchAndDelete" name="testDelete" time="2.612"/>
  <system-out/>
  <testcase classname="Examples.PutPatchAndDelete" name="testPut" time="0.975"/>
  <system-out/>
</testsuite> <!-- Examples.PutPatchAndDelete -->
