<?xml version="1.0" encoding="UTF-8"?>
<!-- Generated by org.testng.reporters.JUnitReportReporter -->
<testsuite hostname="NODE1877" failures="0" tests="2" name="Examples.GetAndPost" time="3.326" errors="0" timestamp="2023-05-19T17:48:55 IST" skipped="0">
  <testcase classname="Examples.GetAndPost" name="testGet" time="2.441"/>
  <system-out/>
  <testcase classname="Examples.GetAndPost" name="testPost" time="0.885"/>
  <system-out/>
</testsuite> <!-- Examples.GetAndPost -->
